<?xml version="1.0" encoding="UTF-8"?>
<!-- Generated by org.testng.reporters.JUnitReportReporter -->
<testsuite hostname="LAPTOP-AVFG8GHG" failures="0" tests="3" name="feb07.DataProvider" time="17.101" errors="0" timestamp="2023-02-07T17:08:11 IST" skipped="0">
  <testcase classname="feb07.DataProvider" name="setuploginpage" time="5.498"/>
  <system-out/>
  <testcase classname="feb07.DataProvider" name="setuploginpage" time="6.316"/>
  <system-out/>
  <testcase classname="feb07.DataProvider" name="setuploginpage" time="5.287"/>
  <system-out/>
</testsuite> <!-- feb07.DataProvider -->
