<?xml version="1.0" encoding="UTF-8"?>
<!-- Generated by org.testng.reporters.JUnitReportReporter -->
<testsuite hostname="LAPTOP-AVFG8GHG" failures="0" tests="4" name="interviewpreparation.Priortizationoftestcases" time="0.017" errors="0" timestamp="2023-02-06T20:00:17 IST" skipped="1">
  <testcase classname="interviewpreparation.Priortizationoftestcases" name="Test_abc" time="0.012"/>
  <system-out/>
  <testcase classname="interviewpreparation.Priortizationoftestcases" name="print" time="0.003"/>
  <system-out/>
  <testcase classname="interviewpreparation.Priortizationoftestcases" name="xyz_" time="0.002"/>
  <system-out/>
  <testcase classname="interviewpreparation.Priortizationoftestcases" name="test">
    <skipped/>
  </testcase> <!-- test -->
  <system-out/>
</testsuite> <!-- interviewpreparation.Priortizationoftestcases -->
