<?xml version="1.0" encoding="UTF-8"?>
<!-- Generated by org.testng.reporters.JUnitReportReporter -->
<testsuite hostname="LAPTOP-AVFG8GHG" failures="0" tests="1" name="feb07.Hrmwebsiteadminmodule" time="12.744" errors="0" timestamp="2023-02-07T21:48:46 IST" skipped="0">
  <testcase classname="feb07.Hrmwebsiteadminmodule" name="toverifyusername" time="12.744"/>
  <system-out/>
</testsuite> <!-- feb07.Hrmwebsiteadminmodule -->
