<?xml version="1.0" encoding="UTF-8"?>
<!-- Generated by org.testng.reporters.JUnitReportReporter -->
<testsuite hostname="LAPTOP-AVFG8GHG" failures="0" tests="2" name="interviewpreparation.demo1" time="0.018" errors="0" timestamp="2023-02-06T15:13:22 IST" skipped="0">
  <testcase classname="interviewpreparation.demo1" name="Headmaster" time="0.013"/>
  <system-out/>
  <testcase classname="interviewpreparation.demo1" name="student" time="0.005"/>
  <system-out/>
</testsuite> <!-- interviewpreparation.demo1 -->
