<?xml version="1.0" encoding="UTF-8"?>
<!-- Generated by org.testng.reporters.JUnitReportReporter -->
<testsuite hostname="LAPTOP-AVFG8GHG" failures="0" tests="1" name="feb07.AnnotationstoperformTask" time="29.861" errors="0" timestamp="2023-02-07T21:21:47 IST" skipped="0">
  <testcase classname="feb07.AnnotationstoperformTask" name="toverifyusername" time="29.861"/>
  <system-out/>
</testsuite> <!-- feb07.AnnotationstoperformTask -->
