<?xml version="1.0" encoding="UTF-8"?>
<!-- Generated by org.testng.reporters.JUnitReportReporter -->
<testsuite hostname="LAPTOP-AVFG8GHG" failures="0" tests="3" name="Tests.LoginpageTest" time="57.750" errors="0" timestamp="2023-02-12T22:38:40 IST" skipped="0">
  <testcase classname="Tests.LoginpageTest" name="loginwithvalidcredentials" time="16.673"/>
  <system-out/>
  <testcase classname="Tests.LoginpageTest" name="logincredentialswithinvalidpassword" time="16.145"/>
  <system-out/>
  <testcase classname="Tests.LoginpageTest" name="loginwithinvalidusername" time="24.932"/>
  <system-out/>
</testsuite> <!-- Tests.LoginpageTest -->
