<?xml version="1.0" encoding="UTF-8"?>
<!-- Generated by org.testng.reporters.JUnitReportReporter -->
<testsuite hostname="LAPTOP-AVFG8GHG" failures="0" tests="1" name="feb08.Employeemodule" time="13.082" errors="0" timestamp="2023-02-10T21:12:16 IST" skipped="0">
  <testcase classname="feb08.Employeemodule" name="toverifyemployeemodule" time="13.082"/>
  <system-out/>
</testsuite> <!-- feb08.Employeemodule -->
