<?xml version="1.0" encoding="UTF-8"?>
<!-- Generated by org.testng.reporters.JUnitReportReporter -->
<testsuite hostname="LAPTOP-AVFG8GHG" failures="0" tests="2" name="feb08.MethodsinTestng" time="13.248" errors="0" timestamp="2023-02-08T13:23:22 IST" skipped="1">
  <testcase classname="feb08.MethodsinTestng" name="verifytheemployeename" time="13.248"/>
  <system-out/>
  <testcase classname="feb08.MethodsinTestng" name="toverifyusername">
    <skipped/>
  </testcase> <!-- toverifyusername -->
  <system-out/>
</testsuite> <!-- feb08.MethodsinTestng -->
