<?xml version="1.0" encoding="UTF-8"?>
<!-- Generated by org.testng.reporters.JUnitReportReporter -->
<testsuite hostname="LAPTOP-AVFG8GHG" failures="0" tests="2" name="feb06.AssertionsDemo" time="0.017" errors="0" timestamp="2023-03-15T21:13:35 IST" skipped="0">
  <testcase classname="feb06.AssertionsDemo" name="Validation" time="0.016"/>
  <system-out/>
  <testcase classname="feb06.AssertionsDemo" name="print" time="0.001"/>
  <system-out/>
</testsuite> <!-- feb06.AssertionsDemo -->
