<?xml version="1.0" encoding="UTF-8"?>
<!-- Generated by org.testng.reporters.JUnitReportReporter -->
<testsuite hostname="LAPTOP-AVFG8GHG" failures="0" tests="2" name="interviewpreparation.Assertions_demo1" time="0.020" errors="0" timestamp="2023-02-06T19:06:44 IST" skipped="0">
  <testcase classname="interviewpreparation.Assertions_demo1" name="print" time="0.002"/>
  <system-out/>
  <testcase classname="interviewpreparation.Assertions_demo1" name="display" time="0.018"/>
  <system-out/>
</testsuite> <!-- interviewpreparation.Assertions_demo1 -->
