<?xml version="1.0" encoding="UTF-8"?>
<!-- Generated by org.testng.reporters.JUnitReportReporter -->
<testsuite hostname="LAPTOP-AVFG8GHG" failures="0" tests="1" name="testbase.Testbase" time="14.265" errors="0" timestamp="2023-02-08T22:35:05 IST" skipped="0">
  <testcase classname="testbase.Testbase" name="logincredentials" time="14.265"/>
  <system-out/>
</testsuite> <!-- testbase.Testbase -->
