<?xml version="1.0" encoding="UTF-8"?>
<!-- Generated by org.testng.reporters.JUnitReportReporter -->
<testsuite hostname="LAPTOP-AVFG8GHG" failures="0" tests="3" name="Tests.LoginpageTest" time="54.729" errors="0" timestamp="2023-02-19T21:09:33 IST" skipped="0">
  <testcase classname="Tests.LoginpageTest" name="loginwithvalidcredentials" time="17.083"/>
  <system-out/>
  <testcase classname="Tests.LoginpageTest" name="logincredentialswithinvalidpassword" time="19.695"/>
  <system-out/>
  <testcase classname="Tests.LoginpageTest" name="loginwithinvalidusername" time="17.951"/>
  <system-out/>
</testsuite> <!-- Tests.LoginpageTest -->
