<?xml version="1.0" encoding="UTF-8"?>
<!-- Generated by org.testng.reporters.JUnitReportReporter -->
<testsuite hostname="LAPTOP-AVFG8GHG" failures="0" tests="3" name="feb07.Datadriventesting" time="38.939" errors="0" timestamp="2023-02-07T17:22:43 IST" skipped="0">
  <testcase classname="feb07.Datadriventesting" name="setuploginpage" time="15.076"/>
  <system-out/>
  <testcase classname="feb07.Datadriventesting" name="setuploginpage" time="13.175"/>
  <system-out/>
  <testcase classname="feb07.Datadriventesting" name="setuploginpage" time="10.688"/>
  <system-out/>
</testsuite> <!-- feb07.Datadriventesting -->
