<?xml version="1.0" encoding="UTF-8"?>
<!-- Generated by org.testng.reporters.JUnitReportReporter -->
<testsuite hostname="LAPTOP-AVFG8GHG" failures="0" tests="1" name="interviewpreparationsession2.MethodsInTEstng" time="0.009" errors="0" timestamp="2023-02-06T21:08:49 IST" skipped="0">
  <testcase classname="interviewpreparationsession2.MethodsInTEstng" name="student" time="0.009"/>
  <system-out/>
</testsuite> <!-- interviewpreparationsession2.MethodsInTEstng -->
