<?xml version="1.0" encoding="UTF-8"?>
<!-- Generated by org.testng.reporters.JUnitReportReporter -->
<testsuite hostname="LAPTOP-AVFG8GHG" failures="0" tests="4" name="interviewpreparationsession2.PriortizationOfTestcases" time="0.017" errors="0" timestamp="2023-02-06T21:57:51 IST" skipped="1">
  <testcase classname="interviewpreparationsession2.PriortizationOfTestcases" name="School" time="0.014"/>
  <system-out/>
  <testcase classname="interviewpreparationsession2.PriortizationOfTestcases" name="Teacher" time="0.002"/>
  <system-out/>
  <testcase classname="interviewpreparationsession2.PriortizationOfTestcases" name="Students" time="0.001"/>
  <system-out/>
  <testcase classname="interviewpreparationsession2.PriortizationOfTestcases" name="principal">
    <skipped/>
  </testcase> <!-- principal -->
  <system-out/>
</testsuite> <!-- interviewpreparationsession2.PriortizationOfTestcases -->
