<?xml version="1.0" encoding="UTF-8"?>
<!-- Generated by org.testng.reporters.JUnitReportReporter -->
<testsuite hostname="LAPTOP-AVFG8GHG" failures="0" tests="1" name="feb07.Employeemodule" time="19.217" errors="0" timestamp="2023-02-08T11:57:07 IST" skipped="0">
  <testcase classname="feb07.Employeemodule" name="toverifyemployeemodule" time="19.217"/>
  <system-out/>
</testsuite> <!-- feb07.Employeemodule -->
