<?xml version="1.0" encoding="UTF-8"?>
<!-- Generated by org.testng.reporters.JUnitReportReporter -->
<testsuite hostname="LAPTOP-AVFG8GHG" failures="0" tests="2" name="feb08.AnnotationsinTestng" time="36.075" errors="0" timestamp="2023-02-08T15:49:23 IST" skipped="0">
  <testcase classname="feb08.AnnotationsinTestng" name="verifytheemployeename" time="16.461"/>
  <system-out/>
  <testcase classname="feb08.AnnotationsinTestng" name="toverifyusername" time="19.614"/>
  <system-out/>
</testsuite> <!-- feb08.AnnotationsinTestng -->
