<?xml version="1.0" encoding="UTF-8"?>
<!-- Generated by org.testng.reporters.JUnitReportReporter -->
<testsuite hostname="LAPTOP-AVFG8GHG" failures="0" tests="3" name="Tests.LoginpageTest" time="57.852" errors="0" timestamp="2023-02-14T21:10:37 IST" skipped="0">
  <testcase classname="Tests.LoginpageTest" name="loginwithvalidcredentials" time="17.855"/>
  <system-out/>
  <testcase classname="Tests.LoginpageTest" name="logincredentialswithinvalidpassword" time="19.663"/>
  <system-out/>
  <testcase classname="Tests.LoginpageTest" name="loginwithinvalidusername" time="20.334"/>
  <system-out/>
</testsuite> <!-- Tests.LoginpageTest -->
